{
  "RSpec": {
    "coverage": {
      "/Users/adamjonas/Projects/makers/week-5/makers-bnb/spec/database_helper.rb": [
        1,
        0,
        null
      ],
      "/Users/adamjonas/Projects/makers/week-5/makers-bnb/app/app.rb": [
        1,
        1,
        1,
        null,
        null,
        1,
        1,
        1,
        1,
        1,
        1,
        1
      ],
      "/Users/adamjonas/Projects/makers/week-5/makers-bnb/app/controllers/app_controller.rb": [
        1,
        1,
        null,
        1,
        1,
        1,
        1,
        1,
        1,
        null,
        null
      ],
      "/Users/adamjonas/Projects/makers/week-5/makers-bnb/app/controllers/registrations_controller.rb": [
        1,
        1,
        0,
        null,
        null,
        1,
        0,
        null,
        0,
        0,
        null,
        null
      ],
      "/Users/adamjonas/Projects/makers/week-5/makers-bnb/app/controllers/sessions_controller.rb": [
        1,
        1,
        0,
        null,
        null,
        1,
        0,
        0,
        0,
        0,
        null,
        0,
        0,
        null,
        null,
        null,
        1,
        0,
        0,
        null,
        null
      ],
      "/Users/adamjonas/Projects/makers/week-5/makers-bnb/app/controllers/spaces_controller.rb": [
        1,
        1,
        0,
        0,
        null,
        null,
        1,
        0,
        null,
        null,
        1,
        0,
        null,
        0,
        null,
        null
      ],
      "/Users/adamjonas/Projects/makers/week-5/makers-bnb/app/lib/database_connection.rb": [
        1,
        null,
        1,
        1,
        1,
        null,
        null,
        1,
        0,
        null,
        null
      ],
      "/Users/adamjonas/Projects/makers/week-5/makers-bnb/app/lib/space.rb": [
        1,
        1,
        null,
        1,
        0,
        null,
        null,
        null,
        0,
        null,
        null,
        null,
        1,
        0,
        null,
        0,
        0,
        null,
        null,
        null,
        null,
        1,
        0,
        0,
        0,
        0,
        null,
        null
      ],
      "/Users/adamjonas/Projects/makers/week-5/makers-bnb/app/lib/user.rb": [
        1,
        1,
        null,
        1,
        1,
        0,
        null,
        null,
        0,
        null,
        null,
        1,
        0,
        0,
        null,
        null,
        1,
        0,
        null,
        0,
        0,
        null,
        0,
        null,
        null,
        null,
        1,
        0,
        0,
        0,
        0,
        null,
        null
      ],
      "/Users/adamjonas/Projects/makers/week-5/makers-bnb/Rakefile": [
        1,
        1,
        1,
        null,
        null,
        1,
        1,
        0,
        null,
        null,
        1,
        1,
        1,
        1,
        null,
        0,
        0,
        null,
        null,
        null,
        1,
        1,
        13,
        13,
        null,
        null,
        1,
        0,
        null,
        0,
        null,
        null,
        null,
        null,
        null,
        null,
        null,
        null,
        0,
        null,
        null,
        null,
        null,
        null,
        null,
        null,
        null,
        null,
        null,
        null
      ],
      "/Users/adamjonas/Projects/makers/week-5/makers-bnb/spec/features/listing_spaces_spec.rb": [
        1,
        1,
        0,
        0,
        null,
        0,
        0,
        0,
        0,
        null,
        0,
        0,
        null,
        null
      ],
      "/Users/adamjonas/Projects/makers/week-5/makers-bnb/spec/features/signing_out_spec.rb": [
        1,
        1,
        0,
        null,
        0,
        0,
        0,
        0,
        0,
        null,
        0,
        0,
        null,
        0,
        null,
        0,
        0,
        0,
        null,
        null
      ],
      "/Users/adamjonas/Projects/makers/week-5/makers-bnb/spec/features/user_authentication_spec.rb": [
        1,
        1,
        0,
        null,
        0,
        0,
        0,
        0,
        0,
        null,
        0,
        0,
        0,
        0,
        null,
        null
      ],
      "/Users/adamjonas/Projects/makers/week-5/makers-bnb/spec/features/user_registration_spec.rb": [
        1,
        1,
        0,
        0,
        0,
        0,
        0,
        null,
        0,
        0,
        null,
        null
      ],
      "/Users/adamjonas/Projects/makers/week-5/makers-bnb/spec/models/database_connection_spec.rb": [
        1,
        1,
        1,
        0,
        0,
        null,
        null,
        null,
        1,
        1,
        0,
        0,
        0,
        null,
        null,
        null
      ],
      "/Users/adamjonas/Projects/makers/week-5/makers-bnb/spec/models/space_spec.rb": [
        1,
        1,
        1,
        1,
        0,
        0,
        null,
        0,
        0,
        0,
        0,
        0,
        null,
        null,
        null,
        1,
        1,
        0,
        0,
        0,
        null,
        0,
        null,
        0,
        0,
        0,
        0,
        0,
        null,
        null,
        null
      ],
      "/Users/adamjonas/Projects/makers/week-5/makers-bnb/spec/models/user_spec.rb": [
        1,
        1,
        1,
        0,
        null,
        0,
        0,
        0,
        null,
        null,
        null,
        1,
        1,
        0,
        0,
        null,
        0,
        0,
        0,
        null,
        null,
        null,
        1,
        1,
        0,
        0,
        null,
        0,
        0,
        0,
        null,
        null,
        1,
        0,
        0,
        null,
        0,
        null,
        null,
        1,
        0,
        0,
        null,
        0,
        null,
        null,
        null
      ]
    },
    "timestamp": 1614891217
  }
}
