{
  "RSpec": {
    "coverage": {
      "/Users/adamjonas/Projects/makers/week-5/makers-bnb/spec/database_helper.rb": [
        1,
        1,
        null
      ],
      "/Users/adamjonas/Projects/makers/week-5/makers-bnb/app/controllers/app_controller.rb": [
        1,
        1,
        null,
        1,
        1,
        1,
        1,
        1,
        1,
        null,
        1,
        18,
        null,
        1,
        1,
        1,
        1,
        1,
        47,
        null,
        null
      ],
      "/Users/adamjonas/Projects/makers/week-5/makers-bnb/app/lib/database_connection.rb": [
        1,
        null,
        1,
        1,
        3,
        null,
        null,
        1,
        31,
        null,
        null
      ],
      "/Users/adamjonas/Projects/makers/week-5/makers-bnb/app/controllers/registrations_controller.rb": [
        1,
        1,
        4,
        null,
        null,
        1,
        1,
        null,
        1,
        1,
        null,
        null
      ],
      "/Users/adamjonas/Projects/makers/week-5/makers-bnb/app/controllers/sessions_controller.rb": [
        1,
        1,
        2,
        null,
        null,
        1,
        2,
        2,
        2,
        2,
        null,
        0,
        0,
        null,
        null,
        null,
        1,
        1,
        1,
        null,
        null
      ],
      "/Users/adamjonas/Projects/makers/week-5/makers-bnb/app/controllers/spaces_controller.rb": [
        1,
        1,
        5,
        5,
        null,
        null,
        1,
        1,
        null,
        null,
        1,
        1,
        null,
        1,
        null,
        null
      ],
      "/Users/adamjonas/Projects/makers/week-5/makers-bnb/app/lib/user.rb": [
        1,
        1,
        null,
        1,
        1,
        8,
        null,
        null,
        8,
        null,
        null,
        1,
        5,
        5,
        null,
        null,
        1,
        5,
        null,
        5,
        4,
        null,
        3,
        null,
        null,
        null,
        1,
        16,
        16,
        16,
        16,
        null,
        null
      ],
      "/Users/adamjonas/Projects/makers/week-5/makers-bnb/app/lib/space.rb": [
        1,
        1,
        null,
        1,
        5,
        null,
        null,
        null,
        5,
        null,
        null,
        null,
        1,
        6,
        null,
        6,
        4,
        null,
        null,
        null,
        null,
        1,
        9,
        9,
        9,
        9,
        null,
        null
      ],
      "/Users/adamjonas/Projects/makers/week-5/makers-bnb/Rakefile": [
        1,
        1,
        null,
        1,
        1,
        1,
        1,
        1,
        null,
        0,
        0,
        null,
        null,
        null,
        1,
        1,
        13,
        13,
        null,
        null,
        1,
        0,
        null,
        0,
        null,
        null,
        null,
        null,
        null,
        null,
        null,
        null,
        0,
        null,
        null,
        null,
        null,
        null,
        null,
        null,
        null,
        null,
        null,
        null
      ],
      "/Users/adamjonas/Projects/makers/week-5/makers-bnb/spec/features/listing_spaces_spec.rb": [
        1,
        1,
        1,
        1,
        null,
        1,
        1,
        1,
        1,
        null,
        1,
        1,
        null,
        null
      ],
      "/Users/adamjonas/Projects/makers/week-5/makers-bnb/spec/features/signing_out_spec.rb": [
        1,
        1,
        1,
        null,
        1,
        1,
        1,
        1,
        1,
        null,
        1,
        1,
        null,
        1,
        null,
        1,
        1,
        1,
        null,
        null
      ],
      "/Users/adamjonas/Projects/makers/week-5/makers-bnb/spec/features/user_authentication_spec.rb": [
        1,
        1,
        1,
        null,
        1,
        1,
        1,
        1,
        1,
        null,
        1,
        1,
        1,
        1,
        null,
        null
      ],
      "/Users/adamjonas/Projects/makers/week-5/makers-bnb/spec/features/user_registration_spec.rb": [
        1,
        1,
        1,
        1,
        1,
        1,
        1,
        null,
        1,
        1,
        null,
        null
      ],
      "/Users/adamjonas/Projects/makers/week-5/makers-bnb/spec/models/database_connection_spec.rb": [
        1,
        1,
        1,
        1,
        1,
        null,
        null,
        null,
        1,
        1,
        1,
        1,
        1,
        null,
        null,
        null
      ],
      "/Users/adamjonas/Projects/makers/week-5/makers-bnb/spec/models/space_spec.rb": [
        1,
        1,
        1,
        1,
        1,
        1,
        null,
        1,
        1,
        1,
        1,
        1,
        null,
        null,
        null,
        1,
        1,
        1,
        1,
        1,
        null,
        1,
        null,
        1,
        1,
        1,
        1,
        1,
        null,
        null,
        null
      ],
      "/Users/adamjonas/Projects/makers/week-5/makers-bnb/spec/models/user_spec.rb": [
        1,
        1,
        1,
        1,
        null,
        1,
        1,
        1,
        null,
        null,
        null,
        1,
        1,
        1,
        1,
        null,
        1,
        1,
        1,
        null,
        null,
        null,
        1,
        1,
        1,
        1,
        null,
        1,
        1,
        1,
        null,
        null,
        1,
        1,
        1,
        null,
        1,
        null,
        null,
        1,
        1,
        1,
        null,
        1,
        null,
        null,
        null
      ]
    },
    "timestamp": 1614807142
  }
}
